<?xml version='1.0'?>
<ns2:test-suite xmlns:ns2='urn:model.allure.qatools.yandex.ru' start='1670160336321' stop='1670160340708'>
    <name>Bootcamp E2E: Search bar</name>
    <title>Bootcamp E2E: Search bar</title>
    <test-cases>
        <test-case start='1670160336321' status='passed' stop='1670160336322'>
            <name></name>
            <title></title>
            <labels>
                <label name='language' value='javascript'/>
                <label name='framework' value='wdio'/>
                <label name='thread' value='0-0'/>
            </labels>
            <parameters>
                <parameter kind='argument' name='browser' value='chrome-107.0.5304.123'/>
            </parameters>
            <steps/>
            <attachments/>
        </test-case>
        <test-case start='1670160336322' status='passed' stop='1670160339232'>
            <name>Given I am on the home page</name>
            <title>Given I am on the home page</title>
            <labels>
                <label name='language' value='javascript'/>
                <label name='framework' value='wdio'/>
                <label name='thread' value='0-0'/>
            </labels>
            <parameters>
                <parameter kind='argument' name='browser' value='chrome-107.0.5304.123'/>
            </parameters>
            <steps>
                <step start='1670160336324' status='passed' stop='1670160339231'>
                    <name>POST /session/:sessionId/url</name>
                    <title>POST /session/:sessionId/url</title>
                    <attachments>
                        <attachment title='Request' source='07f43733-d4ff-4688-aa06-96b55556d3eb-attachment.json' type='application/json' size='42'/>
                    </attachments>
                    <steps/>
                </step>
            </steps>
            <attachments/>
        </test-case>
        <test-case start='1670160339232' status='passed' stop='1670160340651'>
            <name>And Close the promobanner if it appears by refreshing page</name>
            <title>And Close the promobanner if it appears by refreshing page</title>
            <labels>
                <label name='language' value='javascript'/>
                <label name='framework' value='wdio'/>
                <label name='thread' value='0-0'/>
            </labels>
            <parameters>
                <parameter kind='argument' name='browser' value='chrome-107.0.5304.123'/>
            </parameters>
            <steps>
                <step start='1670160339233' status='passed' stop='1670160340651'>
                    <name>POST /session/:sessionId/refresh</name>
                    <title>POST /session/:sessionId/refresh</title>
                    <attachments/>
                    <steps/>
                </step>
            </steps>
            <attachments/>
        </test-case>
        <test-case start='1670160340652' status='broken' stop='1670160340705'>
            <name>When I enter the word 'Windows' in the search bar</name>
            <title>When I enter the word 'Windows' in the search bar</title>
            <labels>
                <label name='language' value='javascript'/>
                <label name='framework' value='wdio'/>
                <label name='thread' value='0-0'/>
            </labels>
            <parameters>
                <parameter kind='argument' name='browser' value='chrome-107.0.5304.123'/>
            </parameters>
            <steps>
                <step start='1670160340654' status='passed' stop='1670160340697'>
                    <name>POST /session/:sessionId/element</name>
                    <title>POST /session/:sessionId/element</title>
                    <attachments>
                        <attachment title='Request' source='3a8da22b-be53-4ecb-bded-0eeeabb7cfbd-attachment.json' type='application/json' size='119'/>
                        <attachment title='Response' source='2d6e2b88-d79c-4378-9215-aee9fa342230-attachment.json' type='application/json' size='1086'/>
                    </attachments>
                    <steps/>
                </step>
            </steps>
            <attachments/>
            <failure>
                <message>Error: selector needs to be typeof `string` or `function`</message>
                <stack-trace>Error: selector needs to be typeof `string` or `function`
                    at Browser.findElement (C:\Users\krn\EVO\Webdriverclasse\node_modules\webdriverio\build\utils\index.js:254:11)
                    at Browser.$ (C:\Users\krn\EVO\Webdriverclasse\node_modules\webdriverio\build\commands\browser\$.js:91:43)
                    at Browser.wrapCommandFn (C:\Users\krn\EVO\Webdriverclasse\node_modules\@wdio\utils\build\shim.js:137:38)
                    at processTicksAndRejections (node:internal/process/task_queues:96:5)
                    at async World.&lt;anonymous> (C:\Users\krn\EVO\Webdriverclasse\features\step-definitions\steps.js:15:3)</stack-trace>
            </failure>
        </test-case>
        <test-case start='1670160340706' status='broken' stop='1670160340706'>
            <name>And I click the search</name>
            <title>And I click the search</title>
            <labels>
                <label name='language' value='javascript'/>
                <label name='framework' value='wdio'/>
                <label name='thread' value='0-0'/>
            </labels>
            <parameters>
                <parameter kind='argument' name='browser' value='chrome-107.0.5304.123'/>
            </parameters>
            <steps/>
            <attachments/>
            <failure>
                <message>Step "I click the search" is not defined. You can ignore this error by setting cucumberOpts.ignoreUndefinedDefinitions as true.</message>
                <stack-trace>Step "I click the search" is not defined. You can ignore this error by setting cucumberOpts.ignoreUndefinedDefinitions as true.
                	at Feature(C:\Users\krn\EVO\Webdriverclasse\features\bootcamp.feature):1:1
                	at Scenario(Search bar):7:5
                	at Step(I click the search):9:9
                </stack-trace>
            </failure>
        </test-case>
        <test-case start='1670160340706' status='broken' stop='1670160340707'>
            <name>Then I Check that at least one item appears</name>
            <title>Then I Check that at least one item appears</title>
            <labels>
                <label name='language' value='javascript'/>
                <label name='framework' value='wdio'/>
                <label name='thread' value='0-0'/>
            </labels>
            <parameters>
                <parameter kind='argument' name='browser' value='chrome-107.0.5304.123'/>
            </parameters>
            <steps/>
            <attachments/>
            <failure>
                <message>Step "I Check that at least one item appears" is not defined. You can ignore this error by setting cucumberOpts.ignoreUndefinedDefinitions as true.</message>
                <stack-trace>Step "I Check that at least one item appears" is not defined. You can ignore this error by setting cucumberOpts.ignoreUndefinedDefinitions as true.
                	at Feature(C:\Users\krn\EVO\Webdriverclasse\features\bootcamp.feature):1:1
                	at Scenario(Search bar):7:5
                	at Step(I Check that at least one item appears):10:9
                </stack-trace>
            </failure>
        </test-case>
        <test-case start='1670160340707' status='passed' stop='1670160340707'>
            <name></name>
            <title></title>
            <labels>
                <label name='language' value='javascript'/>
                <label name='framework' value='wdio'/>
                <label name='thread' value='0-0'/>
            </labels>
            <parameters>
                <parameter kind='argument' name='browser' value='chrome-107.0.5304.123'/>
            </parameters>
            <steps/>
            <attachments/>
        </test-case>
    </test-cases>
</ns2:test-suite>