<?xml version='1.0'?>
<ns2:test-suite xmlns:ns2='urn:model.allure.qatools.yandex.ru' start='1670157627273' stop='1670157632650'>
    <name>Bootcamp E2E: Search bar</name>
    <title>Bootcamp E2E: Search bar</title>
    <test-cases>
        <test-case start='1670157627273' status='passed' stop='1670157627274'>
            <name></name>
            <title></title>
            <labels>
                <label name='language' value='javascript'/>
                <label name='framework' value='wdio'/>
                <label name='thread' value='0-0'/>
            </labels>
            <parameters>
                <parameter kind='argument' name='browser' value='chrome-107.0.5304.123'/>
            </parameters>
            <steps/>
            <attachments/>
        </test-case>
        <test-case start='1670157627275' status='passed' stop='1670157630800'>
            <name>Given I am on the home page</name>
            <title>Given I am on the home page</title>
            <labels>
                <label name='language' value='javascript'/>
                <label name='framework' value='wdio'/>
                <label name='thread' value='0-0'/>
            </labels>
            <parameters>
                <parameter kind='argument' name='browser' value='chrome-107.0.5304.123'/>
            </parameters>
            <steps>
                <step start='1670157627276' status='passed' stop='1670157630799'>
                    <name>POST /session/:sessionId/url</name>
                    <title>POST /session/:sessionId/url</title>
                    <attachments>
                        <attachment title='Request' source='a9bcf8b2-9618-4f55-8a78-06c1c912af48-attachment.json' type='application/json' size='42'/>
                    </attachments>
                    <steps/>
                </step>
            </steps>
            <attachments/>
        </test-case>
        <test-case start='1670157630800' status='passed' stop='1670157632302'>
            <name>And Close the promobanner if it appears by refreshing page</name>
            <title>And Close the promobanner if it appears by refreshing page</title>
            <labels>
                <label name='language' value='javascript'/>
                <label name='framework' value='wdio'/>
                <label name='thread' value='0-0'/>
            </labels>
            <parameters>
                <parameter kind='argument' name='browser' value='chrome-107.0.5304.123'/>
            </parameters>
            <steps>
                <step start='1670157630801' status='passed' stop='1670157632301'>
                    <name>POST /session/:sessionId/refresh</name>
                    <title>POST /session/:sessionId/refresh</title>
                    <attachments/>
                    <steps/>
                </step>
            </steps>
            <attachments/>
        </test-case>
        <test-case start='1670157632302' status='broken' stop='1670157632647'>
            <name>When I enter the word 'Windows' in the search bar</name>
            <title>When I enter the word 'Windows' in the search bar</title>
            <labels>
                <label name='language' value='javascript'/>
                <label name='framework' value='wdio'/>
                <label name='thread' value='0-0'/>
            </labels>
            <parameters>
                <parameter kind='argument' name='browser' value='chrome-107.0.5304.123'/>
            </parameters>
            <steps>
                <step start='1670157632304' status='broken' stop='1670157632647'>
                    <name>POST /session/:sessionId/element</name>
                    <title>POST /session/:sessionId/element</title>
                    <attachments>
                        <attachment title='Request' source='7ad51db9-7aa4-43cf-ba82-d8e4d25b0473-attachment.json' type='application/json' size='84'/>
                    </attachments>
                    <steps/>
                </step>
            </steps>
            <attachments/>
            <failure>
                <message>invalid selector: The selector "//searchBar[contains(., "input[type=search]")" used with strategy "xpath" is invalid! For more information on selectors visit the WebdriverIO docs at: https://webdriver.io/docs/selectors</message>
                <stack-trace>invalid selector: The selector "//searchBar[contains(., "input[type=search]")" used with strategy "xpath" is invalid! For more information on selectors visit the WebdriverIO docs at: https://webdriver.io/docs/selectors
                    at getErrorFromResponseBody (C:\Users\krn\EVO\Webdriverclasse\node_modules\webdriver\build\utils.js:198:12)
                    at NodeJSRequest._request (C:\Users\krn\EVO\Webdriverclasse\node_modules\webdriver\build\request\index.js:166:60)
                    at processTicksAndRejections (node:internal/process/task_queues:96:5)
                    at async Browser.wrapCommandFn (C:\Users\krn\EVO\Webdriverclasse\node_modules\@wdio\utils\build\shim.js:137:29)
                    at async Browser.$ (C:\Users\krn\EVO\Webdriverclasse\node_modules\webdriverio\build\commands\browser\$.js:91:17)
                    at async Browser.wrapCommandFn (C:\Users\krn\EVO\Webdriverclasse\node_modules\@wdio\utils\build\shim.js:137:29)
                    at async World.&lt;anonymous> (C:\Users\krn\EVO\Webdriverclasse\features\step-definitions\steps.js:13:21)</stack-trace>
            </failure>
        </test-case>
        <test-case start='1670157632647' status='broken' stop='1670157632648'>
            <name>And I click the search</name>
            <title>And I click the search</title>
            <labels>
                <label name='language' value='javascript'/>
                <label name='framework' value='wdio'/>
                <label name='thread' value='0-0'/>
            </labels>
            <parameters>
                <parameter kind='argument' name='browser' value='chrome-107.0.5304.123'/>
            </parameters>
            <steps/>
            <attachments/>
            <failure>
                <message>Step "I click the search" is not defined. You can ignore this error by setting cucumberOpts.ignoreUndefinedDefinitions as true.</message>
                <stack-trace>Step "I click the search" is not defined. You can ignore this error by setting cucumberOpts.ignoreUndefinedDefinitions as true.
                	at Feature(C:\Users\krn\EVO\Webdriverclasse\features\bootcamp.feature):1:1
                	at Scenario(Search bar):7:5
                	at Step(I click the search):9:9
                </stack-trace>
            </failure>
        </test-case>
        <test-case start='1670157632648' status='broken' stop='1670157632648'>
            <name>Then I Check that at least one item appears</name>
            <title>Then I Check that at least one item appears</title>
            <labels>
                <label name='language' value='javascript'/>
                <label name='framework' value='wdio'/>
                <label name='thread' value='0-0'/>
            </labels>
            <parameters>
                <parameter kind='argument' name='browser' value='chrome-107.0.5304.123'/>
            </parameters>
            <steps/>
            <attachments/>
            <failure>
                <message>Step "I Check that at least one item appears" is not defined. You can ignore this error by setting cucumberOpts.ignoreUndefinedDefinitions as true.</message>
                <stack-trace>Step "I Check that at least one item appears" is not defined. You can ignore this error by setting cucumberOpts.ignoreUndefinedDefinitions as true.
                	at Feature(C:\Users\krn\EVO\Webdriverclasse\features\bootcamp.feature):1:1
                	at Scenario(Search bar):7:5
                	at Step(I Check that at least one item appears):10:9
                </stack-trace>
            </failure>
        </test-case>
        <test-case start='1670157632648' status='passed' stop='1670157632649'>
            <name></name>
            <title></title>
            <labels>
                <label name='language' value='javascript'/>
                <label name='framework' value='wdio'/>
                <label name='thread' value='0-0'/>
            </labels>
            <parameters>
                <parameter kind='argument' name='browser' value='chrome-107.0.5304.123'/>
            </parameters>
            <steps/>
            <attachments/>
        </test-case>
    </test-cases>
</ns2:test-suite>