<?xml version='1.0'?>
<ns2:test-suite xmlns:ns2='urn:model.allure.qatools.yandex.ru' start='1670152263043' stop='1670152264423'>
    <name>Bootcamp E2E: Internet shop logo button</name>
    <title>Bootcamp E2E: Internet shop logo button</title>
    <test-cases>
        <test-case start='1670152263043' status='passed' stop='1670152263044'>
            <name></name>
            <title></title>
            <labels>
                <label name='language' value='javascript'/>
                <label name='framework' value='wdio'/>
                <label name='thread' value='0-0'/>
            </labels>
            <parameters>
                <parameter kind='argument' name='browser' value='chrome-107.0.5304.123'/>
            </parameters>
            <steps/>
            <attachments/>
        </test-case>
        <test-case start='1670152263044' status='passed' stop='1670152264421'>
            <name>Given I am on the home page</name>
            <title>Given I am on the home page</title>
            <labels>
                <label name='language' value='javascript'/>
                <label name='framework' value='wdio'/>
                <label name='thread' value='0-0'/>
            </labels>
            <parameters>
                <parameter kind='argument' name='browser' value='chrome-107.0.5304.123'/>
            </parameters>
            <steps>
                <step start='1670152263045' status='passed' stop='1670152264421'>
                    <name>POST /session/:sessionId/url</name>
                    <title>POST /session/:sessionId/url</title>
                    <attachments>
                        <attachment title='Request' source='b30a7afe-b28d-438a-a000-52ea6337f43d-attachment.json' type='application/json' size='42'/>
                    </attachments>
                    <steps/>
                </step>
            </steps>
            <attachments/>
        </test-case>
        <test-case start='1670152264422' status='broken' stop='1670152264422'>
            <name>And Close the promobanner if it appears by refreshing page</name>
            <title>And Close the promobanner if it appears by refreshing page</title>
            <labels>
                <label name='language' value='javascript'/>
                <label name='framework' value='wdio'/>
                <label name='thread' value='0-0'/>
            </labels>
            <parameters>
                <parameter kind='argument' name='browser' value='chrome-107.0.5304.123'/>
            </parameters>
            <steps/>
            <attachments/>
            <failure>
                <message>Step "Close the promobanner if it appears by refreshing page" is not defined. You can ignore this error by setting cucumberOpts.ignoreUndefinedDefinitions as true.</message>
                <stack-trace>Step "Close the promobanner if it appears by refreshing page" is not defined. You can ignore this error by setting cucumberOpts.ignoreUndefinedDefinitions as true.
                	at Feature(C:\Users\krn\EVO\Webdriverclasse\features\bootcamp.feature):1:1
                	at Scenario(Internet shop logo button):12:5
                </stack-trace>
            </failure>
        </test-case>
        <test-case start='1670152264422' status='broken' stop='1670152264422'>
            <name>When I open 'Today's Best Deals' tab</name>
            <title>When I open 'Today's Best Deals' tab</title>
            <labels>
                <label name='language' value='javascript'/>
                <label name='framework' value='wdio'/>
                <label name='thread' value='0-0'/>
            </labels>
            <parameters>
                <parameter kind='argument' name='browser' value='chrome-107.0.5304.123'/>
            </parameters>
            <steps/>
            <attachments/>
            <failure>
                <message>Step "I open 'Today's Best Deals' tab" is not defined. You can ignore this error by setting cucumberOpts.ignoreUndefinedDefinitions as true.</message>
                <stack-trace>Step "I open 'Today's Best Deals' tab" is not defined. You can ignore this error by setting cucumberOpts.ignoreUndefinedDefinitions as true.
                	at Feature(C:\Users\krn\EVO\Webdriverclasse\features\bootcamp.feature):1:1
                	at Scenario(Internet shop logo button):12:5
                	at Step(I open 'Today's Best Deals' tab):13:9
                </stack-trace>
            </failure>
        </test-case>
        <test-case start='1670152264422' status='broken' stop='1670152264422'>
            <name>And I click on the Internet shop logo</name>
            <title>And I click on the Internet shop logo</title>
            <labels>
                <label name='language' value='javascript'/>
                <label name='framework' value='wdio'/>
                <label name='thread' value='0-0'/>
            </labels>
            <parameters>
                <parameter kind='argument' name='browser' value='chrome-107.0.5304.123'/>
            </parameters>
            <steps/>
            <attachments/>
            <failure>
                <message>Step "I click on the Internet shop logo" is not defined. You can ignore this error by setting cucumberOpts.ignoreUndefinedDefinitions as true.</message>
                <stack-trace>Step "I click on the Internet shop logo" is not defined. You can ignore this error by setting cucumberOpts.ignoreUndefinedDefinitions as true.
                	at Feature(C:\Users\krn\EVO\Webdriverclasse\features\bootcamp.feature):1:1
                	at Scenario(Internet shop logo button):12:5
                	at Step(I click on the Internet shop logo):14:9
                </stack-trace>
            </failure>
        </test-case>
        <test-case start='1670152264422' status='failed' stop='1670152264423'>
            <name>Then I expect that the main page opened</name>
            <title>Then I expect that the main page opened</title>
            <labels>
                <label name='language' value='javascript'/>
                <label name='framework' value='wdio'/>
                <label name='thread' value='0-0'/>
            </labels>
            <parameters>
                <parameter kind='argument' name='browser' value='chrome-107.0.5304.123'/>
            </parameters>
            <steps/>
            <attachments/>
            <failure>
                <message>Step "I expect that the main page opened" is not defined. You can ignore this error by setting cucumberOpts.ignoreUndefinedDefinitions as true.</message>
                <stack-trace>Step "I expect that the main page opened" is not defined. You can ignore this error by setting cucumberOpts.ignoreUndefinedDefinitions as true.
                	at Feature(C:\Users\krn\EVO\Webdriverclasse\features\bootcamp.feature):1:1
                	at Scenario(Internet shop logo button):12:5
                	at Step(I expect that the main page opened):15:9
                </stack-trace>
            </failure>
        </test-case>
        <test-case start='1670152264423' status='passed' stop='1670152264423'>
            <name></name>
            <title></title>
            <labels>
                <label name='language' value='javascript'/>
                <label name='framework' value='wdio'/>
                <label name='thread' value='0-0'/>
            </labels>
            <parameters>
                <parameter kind='argument' name='browser' value='chrome-107.0.5304.123'/>
            </parameters>
            <steps/>
            <attachments/>
        </test-case>
    </test-cases>
</ns2:test-suite>